<?xml version="1.0" encoding="UTF-8"?>
<testng-results ignored="0" total="3" passed="3" failed="0" skipped="0">
  <reporter-output>
  </reporter-output>
  <suite started-at="2022-02-15T01:12:19 EET" name="Suite" finished-at="2022-02-15T01:13:50 EET" duration-ms="91452">
    <groups>
    </groups>
    <test started-at="2022-02-15T01:12:19 EET" name="Test" finished-at="2022-02-15T01:13:50 EET" duration-ms="91452">
      <class name="TestCases.Upload_File">
        <test-method signature="Upload_File_Edge()[pri:0, instance:TestCases.Upload_File@4f209819]" started-at="2022-02-15T01:12:19 EET" name="Upload_File_Edge" finished-at="2022-02-15T01:12:40 EET" duration-ms="21251" status="PASS">
          <reporter-output>
          </reporter-output>
        </test-method> <!-- Upload_File_Edge -->
        <test-method signature="Upload_File_chrome()[pri:0, instance:TestCases.Upload_File@4f209819]" started-at="2022-02-15T01:12:40 EET" name="Upload_File_chrome" finished-at="2022-02-15T01:12:52 EET" duration-ms="12167" status="PASS">
          <reporter-output>
          </reporter-output>
        </test-method> <!-- Upload_File_chrome -->
        <test-method signature="Upload_File_firefox()[pri:0, instance:TestCases.Upload_File@4f209819]" started-at="2022-02-15T01:12:52 EET" name="Upload_File_firefox" finished-at="2022-02-15T01:13:50 EET" duration-ms="57951" status="PASS">
          <reporter-output>
          </reporter-output>
        </test-method> <!-- Upload_File_firefox -->
        <test-method is-config="true" signature="close()[pri:0, instance:TestCases.Upload_File@4f209819]" started-at="2022-02-15T01:13:50 EET" name="close" finished-at="2022-02-15T01:13:50 EET" duration-ms="3" status="PASS">
          <reporter-output>
          </reporter-output>
        </test-method> <!-- close -->
      </class> <!-- TestCases.Upload_File -->
    </test> <!-- Test -->
  </suite> <!-- Suite -->
</testng-results>
