<?xml version="1.0" encoding="UTF-8"?>
<!-- Generated by org.testng.reporters.JUnitXMLReporter -->
<testsuite ignored="0" hostname="DESKTOP-R4CIO73" failures="0" tests="3" name="Test3" time="36.525" errors="0" timestamp="2021-12-25T22:00:12 EET">
  <testcase classname="TestCases.Sign_Up_with_Valid_Email_and_Password_Setup" name="navigate_to_Sign_Up_with_Valid_Email_and_PasswordF_firefox" time="12.548"/>
  <testcase classname="TestCases.Sign_Up_with_Valid_Email_and_Password_Setup" name="navigate_to_Sign_Up_with_Valid_Email_and_Password_Edge" time="17.531"/>
  <testcase classname="TestCases.Sign_Up_with_Valid_Email_and_Password_Setup" name="navigate_to_Sign_Up_with_Valid_Email_and_Password_chrome" time="6.445"/>
</testsuite> <!-- Test3 -->
