<?xml version="1.0" encoding="UTF-8"?>
<!-- Generated by org.testng.reporters.JUnitXMLReporter -->
<testsuite ignored="0" hostname="DESKTOP-R4CIO73" failures="0" tests="3" name="Test2" time="153.675" errors="0" timestamp="2022-02-14T21:47:12 EET">
  <testcase classname="TestCases.Add_an_element_to_cart_pay_check" name="Adding_an_element_to_cart_Edge" time="53.393"/>
  <testcase classname="TestCases.Add_an_element_to_cart_pay_check" name="Adding_an_element_to_cart_chrome" time="46.676"/>
  <testcase classname="TestCases.Add_an_element_to_cart_pay_check" name="Adding_an_element_to_cart_firefox" time="53.516"/>
</testsuite> <!-- Test2 -->
