<?xml version="1.0" encoding="UTF-8"?>
<!-- Generated by org.testng.reporters.JUnitXMLReporter -->
<testsuite ignored="0" hostname="DESKTOP-R4CIO73" failures="0" tests="3" name="Test4" time="63.05" errors="0" timestamp="2021-12-25T22:01:16 EET">
  <testcase classname="TestCases.Add_New_Task_to_a_newly_created_project_Setup" name="Add_New_Task_to_a_newly_created_project_Edge" time="18.884"/>
  <testcase classname="TestCases.Add_New_Task_to_a_newly_created_project_Setup" name="Add_New_Task_to_a_newly_created_project_chrome" time="16.108"/>
  <testcase classname="TestCases.Add_New_Task_to_a_newly_created_project_Setup" name="Add_New_Task_to_a_newly_created_project_firefox" time="28.054"/>
</testsuite> <!-- Test4 -->
