<?xml version="1.0" encoding="UTF-8"?>
<!-- Generated by org.testng.reporters.JUnitXMLReporter -->
<testsuite ignored="0" hostname="DESKTOP-R4CIO73" failures="0" tests="3" name="Test" time="91.452" errors="0" timestamp="2022-02-15T01:13:50 EET">
  <testcase classname="TestCases.Upload_File" name="Upload_File_Edge" time="21.251"/>
  <testcase classname="TestCases.Upload_File" name="Upload_File_chrome" time="12.167"/>
  <testcase classname="TestCases.Upload_File" name="Upload_File_firefox" time="57.951"/>
</testsuite> <!-- Test -->
