<?xml version="1.0" encoding="UTF-8"?>
<!-- Generated by org.testng.reporters.JUnitXMLReporter -->
<testsuite ignored="0" hostname="DESKTOP-R4CIO73" failures="0" tests="3" name="Test5" time="68.389" errors="0" timestamp="2021-12-25T22:02:24 EET">
  <testcase classname="TestCases.Add_New_Task_to_already_existing_project_Setup" name="Add_New_Task_to_already_existing_project_Edge" time="30.758"/>
  <testcase classname="TestCases.Add_New_Task_to_already_existing_project_Setup" name="Add_New_Task_to_already_existing_project_chrome" time="15.065"/>
  <testcase classname="TestCases.Add_New_Task_to_already_existing_project_Setup" name="Add_New_Task_to_already_existing_project_firefox" time="22.56"/>
</testsuite> <!-- Test5 -->
